<?xml version="1.0" encoding="UTF-8"?>
<!-- Generated by org.testng.reporters.JUnitReportReporter -->
<testsuite skipped="0" hostname="LT-SUKR" name="TestngExamples.GroupingExample" tests="2" failures="0" timestamp="12 Jul 2022 09:12:32 GMT" time="0.025" errors="0">
  <testcase name="apple2" time="0.001" classname="TestngExamples.GroupingExample"/>
  <testcase name="apple1" time="0.024" classname="TestngExamples.GroupingExample"/>
</testsuite> <!-- TestngExamples.GroupingExample -->
