<?xml version="1.0" encoding="UTF-8"?>
<!-- Generated by org.testng.reporters.JUnitReportReporter -->
<testsuite skipped="0" hostname="LT-SUKR" name="restAssuredExamples.PostmethodusingJSonObject" tests="1" failures="0" timestamp="13 Aug 2022 09:11:42 GMT" time="2.701" errors="0">
  <testcase name="getJsonData" time="2.701" classname="restAssuredExamples.PostmethodusingJSonObject"/>
</testsuite> <!-- restAssuredExamples.PostmethodusingJSonObject -->
