<?xml version="1.0" encoding="UTF-8"?>
<!-- Generated by org.testng.reporters.JUnitReportReporter -->
<testsuite skipped="0" hostname="LT-SUKR" name="seleniumExamples.CheckboxExamples" tests="1" failures="0" timestamp="21 Jul 2022 04:36:44 GMT" time="2.759" errors="0">
  <testcase name="getCheckBox" time="2.759" classname="seleniumExamples.CheckboxExamples"/>
</testsuite> <!-- seleniumExamples.CheckboxExamples -->
