<?xml version="1.0" encoding="UTF-8"?>
<!-- Generated by org.testng.reporters.JUnitReportReporter -->
<testsuite skipped="0" hostname="LT-SUKR" name="seleniumExamples.PaginationExamples" tests="1" failures="0" timestamp="21 Jul 2022 12:51:55 GMT" time="11.595" errors="0">
  <testcase name="getPageData" time="11.595" classname="seleniumExamples.PaginationExamples"/>
</testsuite> <!-- seleniumExamples.PaginationExamples -->
