<?xml version="1.0" encoding="UTF-8"?>
<!-- Generated by org.testng.reporters.JUnitReportReporter -->
<testsuite skipped="0" hostname="LT-SUKR" name="seleniumExamples.BrokenLinksVerification" tests="1" failures="0" timestamp="15 Jul 2022 07:23:49 GMT" time="7.450" errors="0">
  <testcase name="getBrokenLinks" time="7.450" classname="seleniumExamples.BrokenLinksVerification"/>
</testsuite> <!-- seleniumExamples.BrokenLinksVerification -->
