<?xml version="1.0" encoding="UTF-8"?>
<!-- Generated by org.testng.reporters.JUnitReportReporter -->
<testsuite skipped="0" hostname="LT-SUKR" name="seleniumExamples.WaitsExample" tests="1" failures="0" timestamp="29 Jul 2022 11:13:42 GMT" time="5.846" errors="0">
  <testcase name="waitExamp" time="5.846" classname="seleniumExamples.WaitsExample"/>
</testsuite> <!-- seleniumExamples.WaitsExample -->
