<?xml version="1.0" encoding="UTF-8"?>
<!-- Generated by org.testng.reporters.JUnitReportReporter -->
<testsuite skipped="0" hostname="LT-SUKR" name="restAssuredExamples.GetmethodExample" tests="1" failures="0" timestamp="12 Aug 2022 04:58:00 GMT" time="3.330" errors="0">
  <testcase name="getMethod" time="3.330" classname="restAssuredExamples.GetmethodExample"/>
</testsuite> <!-- restAssuredExamples.GetmethodExample -->
