<?xml version="1.0" encoding="UTF-8"?>
<!-- Generated by org.testng.reporters.JUnitReportReporter -->
<testsuite skipped="0" hostname="LT-SUKR" name="javaExamples.Hashmap" tests="1" failures="0" timestamp="27 Sep 2022 04:35:45 GMT" time="0.026" errors="0">
  <testcase name="getHashMap" time="0.026" classname="javaExamples.Hashmap"/>
</testsuite> <!-- javaExamples.Hashmap -->
