<?xml version="1.0" encoding="UTF-8"?>
<!-- Generated by org.testng.reporters.JUnitReportReporter -->
<testsuite skipped="0" hostname="LT-SUKR" name="seleniumExamples.Windownewtab" tests="1" failures="0" timestamp="25 Jul 2022 05:56:49 GMT" time="6.562" errors="0">
  <testcase name="newWindowTab" time="6.562" classname="seleniumExamples.Windownewtab"/>
</testsuite> <!-- seleniumExamples.Windownewtab -->
