<?xml version="1.0" encoding="UTF-8"?>
<!-- Generated by org.testng.reporters.JUnitReportReporter -->
<testsuite skipped="0" hostname="LT-SUKR" name="seleniumExamples.Windownewtab" tests="1" failures="0" timestamp="27 Sep 2022 05:27:46 GMT" time="39.225" errors="0">
  <testcase name="newWindowTab" time="39.225" classname="seleniumExamples.Windownewtab"/>
</testsuite> <!-- seleniumExamples.Windownewtab -->
