<?xml version="1.0" encoding="UTF-8"?>
<!-- Generated by org.testng.reporters.JUnitReportReporter -->
<testsuite skipped="0" hostname="LT-SUKR" name="seleniumExamples.FrameExample" tests="1" failures="0" timestamp="14 Jul 2022 04:14:59 GMT" time="6.900" errors="0">
  <testcase name="getFrame" time="6.900" classname="seleniumExamples.FrameExample"/>
</testsuite> <!-- seleniumExamples.FrameExample -->
