<?xml version="1.0" encoding="UTF-8"?>
<!-- Generated by org.testng.reporters.JUnitReportReporter -->
<testsuite skipped="0" hostname="LT-SUKR" name="TestngExamples.AnnotationOrder" tests="1" failures="0" timestamp="12 Jul 2022 06:43:07 GMT" time="0.009" errors="0">
  <testcase name="fifthMethod" time="0.009" classname="TestngExamples.AnnotationOrder"/>
</testsuite> <!-- TestngExamples.AnnotationOrder -->
