<?xml version="1.0" encoding="UTF-8"?>
<!-- Generated by org.testng.reporters.JUnitReportReporter -->
<testsuite skipped="0" hostname="LT-SUKR" name="TestngExamples.ParameterExample" tests="1" failures="0" timestamp="12 Jul 2022 09:30:32 GMT" time="0.023" errors="0">
  <testcase name="nameDisplay" time="0.023" classname="TestngExamples.ParameterExample"/>
</testsuite> <!-- TestngExamples.ParameterExample -->
