<?xml version="1.0" encoding="UTF-8"?>
<!-- Generated by org.testng.reporters.JUnitReportReporter -->
<testsuite skipped="0" hostname="LT-SUKR" name="seleniumExamples.MutipltabWindow" tests="1" failures="0" timestamp="15 Jul 2022 10:56:37 GMT" time="7.290" errors="0">
  <testcase name="getMutipletab" time="7.290" classname="seleniumExamples.MutipltabWindow"/>
</testsuite> <!-- seleniumExamples.MutipltabWindow -->
