<?xml version="1.0" encoding="UTF-8"?>
<!-- Generated by org.testng.reporters.JUnitReportReporter -->
<testsuite skipped="0" hostname="LT-SUKR" name="seleniumExamples.DownloadFile" tests="1" failures="0" timestamp="25 Jul 2022 12:22:03 GMT" time="18.099" errors="0">
  <testcase name="getDownload" time="18.099" classname="seleniumExamples.DownloadFile"/>
</testsuite> <!-- seleniumExamples.DownloadFile -->
