<?xml version="1.0" encoding="UTF-8"?>
<!-- Generated by org.testng.reporters.JUnitReportReporter -->
<testsuite skipped="0" hostname="LT-SUKR" name="seleniumExamples.MutipledownExample" tests="1" failures="0" timestamp="20 Jul 2022 07:11:52 GMT" time="4.706" errors="0">
  <testcase name="getDropDownExample" time="4.706" classname="seleniumExamples.MutipledownExample"/>
</testsuite> <!-- seleniumExamples.MutipledownExample -->
