<?xml version="1.0" encoding="UTF-8"?>
<!-- Generated by org.testng.reporters.JUnitReportReporter -->
<testsuite skipped="0" hostname="LT-SUKR" name="seleniumExamples.DateHandlerExample" tests="1" failures="0" timestamp="22 Jul 2022 12:27:48 GMT" time="7.387" errors="0">
  <testcase name="getHandler" time="7.387" classname="seleniumExamples.DateHandlerExample"/>
</testsuite> <!-- seleniumExamples.DateHandlerExample -->
