<?xml version="1.0" encoding="UTF-8"?>
<!-- Generated by org.testng.reporters.JUnitReportReporter -->
<testsuite skipped="0" hostname="LT-SUKR" name="javaExamples.ArrayListExamples" tests="1" failures="0" timestamp="18 Jul 2022 10:34:16 GMT" time="0.018" errors="0">
  <testcase name="getArrayList" time="0.018" classname="javaExamples.ArrayListExamples"/>
</testsuite> <!-- javaExamples.ArrayListExamples -->
