<?xml version="1.0" encoding="UTF-8"?>
<!-- Generated by org.testng.reporters.JUnitReportReporter -->
<testsuite skipped="0" hostname="LT-SUKR" name="seleniumExamples.TakeScreenshotExample" tests="1" failures="0" timestamp="25 Jul 2022 05:02:21 GMT" time="21.789" errors="0">
  <testcase name="getScreen" time="21.789" classname="seleniumExamples.TakeScreenshotExample"/>
</testsuite> <!-- seleniumExamples.TakeScreenshotExample -->
