<?xml version="1.0" encoding="UTF-8"?>
<!-- Generated by org.testng.reporters.JUnitReportReporter -->
<testsuite skipped="0" hostname="LT-SUKR" name="javaExamples.LinkedListExamples" tests="1" failures="0" timestamp="19 Jul 2022 06:01:27 GMT" time="0.018" errors="0">
  <testcase name="getLinked" time="0.018" classname="javaExamples.LinkedListExamples"/>
</testsuite> <!-- javaExamples.LinkedListExamples -->
