<?xml version="1.0" encoding="UTF-8"?>
<!-- Generated by org.testng.reporters.JUnitReportReporter -->
<testsuite skipped="0" hostname="LT-SUKR" name="seleniumExamples.Webtable" tests="1" failures="0" timestamp="15 Jul 2022 05:15:30 GMT" time="4.925" errors="0">
  <testcase name="getTable" time="4.925" classname="seleniumExamples.Webtable"/>
</testsuite> <!-- seleniumExamples.Webtable -->
