<?xml version="1.0" encoding="UTF-8"?>
<!-- Generated by org.testng.reporters.JUnitReportReporter -->
<testsuite skipped="0" hostname="LT-SUKR" name="cucumber.LoginRunner" tests="1" failures="0" timestamp="08 Aug 2022 06:57:19 GMT" time="8.324" errors="0">
  <testcase name="runScenario" time="8.324" classname="cucumber.LoginRunner"/>
</testsuite> <!-- cucumber.LoginRunner -->
