<?xml version="1.0" encoding="UTF-8"?>
<!-- Generated by org.testng.reporters.JUnitReportReporter -->
<testsuite skipped="0" hostname="LT-SUKR" name="seleniumExamples.ActionExamples" tests="1" failures="0" timestamp="26 Jul 2022 12:12:27 GMT" time="5.594" errors="0">
  <testcase name="getRightClick" time="5.594" classname="seleniumExamples.ActionExamples"/>
</testsuite> <!-- seleniumExamples.ActionExamples -->
