<?xml version="1.0" encoding="UTF-8"?>
<!-- Generated by org.testng.reporters.JUnitReportReporter -->
<testsuite skipped="0" hostname="LT-SUKR" name="seleniumExamples.WindowHandles" tests="1" failures="0" timestamp="14 Jul 2022 06:55:16 GMT" time="3.101" errors="0">
  <testcase name="getWindow" time="3.101" classname="seleniumExamples.WindowHandles"/>
</testsuite> <!-- seleniumExamples.WindowHandles -->
