<?xml version="1.0" encoding="UTF-8"?>
<!-- Generated by org.testng.reporters.JUnitReportReporter -->
<testsuite skipped="0" hostname="LT-SUKR" name="javaExamples.Hashmap" tests="1" failures="0" timestamp="19 Jul 2022 12:07:29 GMT" time="0.014" errors="0">
  <testcase name="getHashMap" time="0.014" classname="javaExamples.Hashmap"/>
</testsuite> <!-- javaExamples.Hashmap -->
