<?xml version="1.0" encoding="UTF-8"?>
<!-- Generated by org.testng.reporters.JUnitReportReporter -->
<testsuite skipped="0" hostname="LT-SUKR" name="seleniumExamples.DropdownSortedOrder" tests="1" failures="0" timestamp="20 Jul 2022 14:58:11 GMT" time="14.167" errors="0">
  <testcase name="getData" time="14.167" classname="seleniumExamples.DropdownSortedOrder"/>
</testsuite> <!-- seleniumExamples.DropdownSortedOrder -->
